<?xml version="1.0" encoding="UTF-8"?>
<testng-results ignored="0" total="1" passed="1" failed="0" skipped="0">
  <reporter-output>
  </reporter-output>
  <suite started-at="2020-07-30T16:45:15 ICT" name="Default suite" finished-at="2020-07-30T16:45:25 ICT" duration-ms="9128">
    <groups>
    </groups>
    <test started-at="2020-07-30T16:45:15 ICT" name="Default test" finished-at="2020-07-30T16:45:25 ICT" duration-ms="9128">
      <class name="NewTest">
        <test-method is-config="true" signature="setBaseUrl()[pri:0, instance:NewTest@63070bab]" started-at="2020-07-30T16:45:15 ICT" name="setBaseUrl" finished-at="2020-07-30T16:45:24 ICT" duration-ms="8736" status="PASS">
          <reporter-output>
          </reporter-output>
        </test-method> <!-- setBaseUrl -->
        <test-method signature="verifyHomepageTitle()[pri:0, instance:NewTest@63070bab]" started-at="2020-07-30T16:45:24 ICT" name="verifyHomepageTitle" finished-at="2020-07-30T16:45:25 ICT" duration-ms="350" status="PASS">
          <reporter-output>
          </reporter-output>
        </test-method> <!-- verifyHomepageTitle -->
      </class> <!-- NewTest -->
    </test> <!-- Default test -->
  </suite> <!-- Default suite -->
</testng-results>
